<?xml version="1.0" encoding="UTF-8"?>
<!-- Generated by org.testng.reporters.JUnitReportReporter -->
<testsuite hostname="LAPTOP-3NPM5AHR" failures="0" tests="1" name="com.sourcepro.Materials.ItemMasterBasicDetailEntry.ItemMasterBasicDetailEntryIndex" time="111.632" errors="1" timestamp="2022-06-20T17:44:08 IST" skipped="0">
  <testcase classname="com.sourcepro.Materials.ItemMasterBasicDetailEntry.ItemMasterBasicDetailEntryIndex" name="ItemMasterBasicDetailEntryAdd" time="111.632">
    <error message="Expected condition failed: waiting for presence of element located by: By.xpath: //div[contains(text(),&#039;KIWIQAOJIPONJU&#039;)] (tried for 20 second(s) with 500 milliseconds interval)" type="org.openqa.selenium.TimeoutException">
      <![CDATA[org.openqa.selenium.TimeoutException: Expected condition failed: waiting for presence of element located by: By.xpath: //div[contains(text(),'KIWIQAOJIPONJU')] (tried for 20 second(s) with 500 milliseconds interval)
at org.openqa.selenium.support.ui.WebDriverWait.timeoutException(WebDriverWait.java:87)
at org.openqa.selenium.support.ui.FluentWait.until(FluentWait.java:231)
at com.sourcepro.init.Common.presenceOfElement(Common.java:574)
at com.sourcepro.Materials.ItemMasterBasicDetailEntry.ItemMasterBasicDetailEntryVerification.verifyItemCreated(ItemMasterBasicDetailEntryVerification.java:40)
at com.sourcepro.Materials.ItemMasterBasicDetailEntry.ItemMasterBasicDetailEntryIndex.ItemMasterBasicDetailEntryAdd(ItemMasterBasicDetailEntryIndex.java:149)
at java.base/jdk.internal.reflect.DirectMethodHandleAccessor.invoke(DirectMethodHandleAccessor.java:104)
at java.base/java.lang.reflect.Method.invoke(Method.java:577)
at org.testng.internal.invokers.MethodInvocationHelper.invokeMethod(MethodInvocationHelper.java:139)
at org.testng.internal.invokers.TestInvoker.invokeMethod(TestInvoker.java:677)
at org.testng.internal.invokers.TestInvoker.invokeTestMethod(TestInvoker.java:221)
at org.testng.internal.invokers.MethodRunner.runInSequence(MethodRunner.java:50)
at org.testng.internal.invokers.TestInvoker$MethodInvocationAgent.invoke(TestInvoker.java:962)
at org.testng.internal.invokers.TestInvoker.invokeTestMethods(TestInvoker.java:194)
at org.testng.internal.invokers.TestMethodWorker.invokeTestMethods(TestMethodWorker.java:148)
at org.testng.internal.invokers.TestMethodWorker.run(TestMethodWorker.java:128)
at java.base/java.util.ArrayList.forEach(ArrayList.java:1511)
at org.testng.TestRunner.privateRun(TestRunner.java:806)
at org.testng.TestRunner.run(TestRunner.java:601)
at org.testng.SuiteRunner.runTest(SuiteRunner.java:433)
at org.testng.SuiteRunner.runSequentially(SuiteRunner.java:427)
at org.testng.SuiteRunner.privateRun(SuiteRunner.java:387)
at org.testng.SuiteRunner.run(SuiteRunner.java:330)
at org.testng.SuiteRunnerWorker.runSuite(SuiteRunnerWorker.java:52)
at org.testng.SuiteRunnerWorker.run(SuiteRunnerWorker.java:95)
at org.testng.TestNG.runSuitesSequentially(TestNG.java:1256)
at org.testng.TestNG.runSuitesLocally(TestNG.java:1176)
at org.testng.TestNG.runSuites(TestNG.java:1099)
at org.testng.TestNG.run(TestNG.java:1067)
at org.apache.maven.surefire.testng.TestNGExecutor.run(TestNGExecutor.java:324)
at org.apache.maven.surefire.testng.TestNGXmlTestSuite.execute(TestNGXmlTestSuite.java:74)
at org.apache.maven.surefire.testng.TestNGProvider.invoke(TestNGProvider.java:123)
at org.apache.maven.surefire.booter.ForkedBooter.runSuitesInProcess(ForkedBooter.java:456)
at org.apache.maven.surefire.booter.ForkedBooter.execute(ForkedBooter.java:169)
at org.apache.maven.surefire.booter.ForkedBooter.run(ForkedBooter.java:595)
at org.apache.maven.surefire.booter.ForkedBooter.main(ForkedBooter.java:581)
Caused by: org.openqa.selenium.NoSuchElementException: no such element: Unable to locate element: {"method":"xpath","selector":"//div[contains(text(),'KIWIQAOJIPONJU')]"}
  (Session info: chrome=102.0.5005.115)
For documentation on this error, please visit: https://selenium.dev/exceptions/#no_such_element
Build info: version: '4.2.1', revision: 'ac4d0fdd4a'
System info: host: 'LAPTOP-3NPM5AHR', ip: '172.16.0.24', os.name: 'Windows 10', os.arch: 'amd64', os.version: '10.0', java.version: '18.0.1.1'
Driver info: org.openqa.selenium.chrome.ChromeDriver
Command: [21cb088d6f9814c96fc9a629b945513d, findElement {using=xpath, value=//div[contains(text(),'KIWIQAOJIPONJU')]}]
Capabilities {acceptInsecureCerts: false, browserName: chrome, browserVersion: 102.0.5005.115, chrome: {chromedriverVersion: 102.0.5005.61 (0e59bcc00cc4..., userDataDir: C:\Users\patil\AppData\Loca...}, goog:chromeOptions: {debuggerAddress: localhost:62044}, networkConnectionEnabled: false, pageLoadStrategy: normal, platformName: WINDOWS, proxy: Proxy(), se:cdp: ws://localhost:62044/devtoo..., se:cdpVersion: 102.0.5005.115, setWindowRect: true, strictFileInteractability: false, timeouts: {implicit: 0, pageLoad: 300000, script: 30000}, unhandledPromptBehavior: ignore, webauthn:extension:credBlob: true, webauthn:extension:largeBlob: true, webauthn:virtualAuthenticators: true}
Session ID: 21cb088d6f9814c96fc9a629b945513d
at java.base/jdk.internal.reflect.DirectConstructorHandleAccessor.newInstance(DirectConstructorHandleAccessor.java:67)
at java.base/java.lang.reflect.Constructor.newInstanceWithCaller(Constructor.java:499)
at java.base/java.lang.reflect.Constructor.newInstance(Constructor.java:483)
at org.openqa.selenium.remote.codec.w3c.W3CHttpResponseCodec.createException(W3CHttpResponseCodec.java:200)
at org.openqa.selenium.remote.codec.w3c.W3CHttpResponseCodec.decode(W3CHttpResponseCodec.java:133)
at org.openqa.selenium.remote.codec.w3c.W3CHttpResponseCodec.decode(W3CHttpResponseCodec.java:53)
at org.openqa.selenium.remote.HttpCommandExecutor.execute(HttpCommandExecutor.java:184)
at org.openqa.selenium.remote.service.DriverCommandExecutor.invokeExecute(DriverCommandExecutor.java:167)
at org.openqa.selenium.remote.service.DriverCommandExecutor.execute(DriverCommandExecutor.java:142)
at org.openqa.selenium.remote.RemoteWebDriver.execute(RemoteWebDriver.java:551)
at org.openqa.selenium.remote.ElementLocation$ElementFinder$2.findElement(ElementLocation.java:162)
at org.openqa.selenium.remote.ElementLocation.findElement(ElementLocation.java:60)
at org.openqa.selenium.remote.RemoteWebDriver.findElement(RemoteWebDriver.java:369)
at org.openqa.selenium.remote.RemoteWebDriver.findElement(RemoteWebDriver.java:361)
at org.openqa.selenium.support.ui.ExpectedConditions$6.apply(ExpectedConditions.java:174)
at org.openqa.selenium.support.ui.ExpectedConditions$6.apply(ExpectedConditions.java:171)
at org.openqa.selenium.support.ui.FluentWait.until(FluentWait.java:208)
... 33 more
]]>
    </error>
  </testcase> <!-- ItemMasterBasicDetailEntryAdd -->
  <system-out>
    <![CDATA[Click on Materials menu.</br>
Click on Item Master Basic Detail - Entry sub menu.</br>
Verify table loaded succesfully.</br>
Table loaded succesfully.  <Strong><font color=#32cd32><b> &#10004 Pass</b></font></strong></br>
Click on add new in Item Master Basic Detail - Entry.</br>
Enter Item Code.</br>
Entered value is: KIWIQAOjIpOnju</br>
Enter Item Description.</br>
Entered value is: Test item's name 123 edit</br>
Enter Item Class.</br>
Selected value is: 100 - Manufacturing Assembly</br>
Enter Item Type.</br>
Selected value is: Manufacturing</br>
Enter Unit Of Measurement.</br>
Selected value is: NOS - Number</br>
Select Linked Items and enter linked item code.</br>
Select Drawing File.</br>
Verify file uploaded succesfully.</br>
File uploaded succesfully.  <Strong><font color=#32cd32><b> &#10004 Pass</b></font></strong></br>
Click on Save button.</br>
Verify created item succesfully.</br>
Item created succesfully.  <Strong><font color=#32cd32><b> &#10004 Pass</b></font></strong></br>
Edit created item.</br>
Search newly created item.</br>
Click on newly created item.</br>
Enter Updated Item Description.</br>
Entered value is: Edited</br>
Click on Save button.</br>
Verify created item succesfully.</br>
<a href='../test-output/screenshots/finalScreenshot_20220620174406397.png' target='new'><img src='../test-output/screenshots/finalScreenshot_20220620174406397.png' width='200' height='100'/></a></br>
<Strong><b>Add_Item Master Basic Detail - Entry is failed.</b></font></strong></br>]]>
  </system-out>
</testsuite> <!-- com.sourcepro.Materials.ItemMasterBasicDetailEntry.ItemMasterBasicDetailEntryIndex -->
